<?xml version="1.0" encoding="UTF-8"?>
<testsuite name="Task_1_1Test" tests="1" skipped="0" failures="0" errors="0" timestamp="2020-09-18T06:50:55" hostname="DESKTOP-R49HNMK" time="0.002">
  <properties/>
  <testcase name="EasyArrays" classname="Task_1_1Test" time="0.002"/>
  <system-out><![CDATA[]]></system-out>
  <system-err><![CDATA[]]></system-err>
</testsuite>
